<?xml version="1.0" encoding="UTF-8"?>
<!-- Generated by org.testng.reporters.JUnitReportReporter -->
<testsuite hostname="DESKTOP-EKFS61C" name="Testscripts.TC002_Testlogin" tests="1" failures="0" timestamp="13 May 2017 16:42:48 GMT" time="25.961" errors="0">
  <testcase name="testlogin" time="25.961" classname="Testscripts.TC002_Testlogin"/>
</testsuite> <!-- Testscripts.TC002_Testlogin -->
